0 info it worked if it ends with ok
1 verbose cli [ '/usr/local/bin/node', '/usr/local/bin/npm', 'start' ]
2 info using npm@3.10.10
3 info using node@v6.11.4
4 verbose run-script [ 'prestart', 'start', 'poststart' ]
5 info lifecycle studykik-api@1.0.0~prestart: studykik-api@1.0.0
6 silly lifecycle studykik-api@1.0.0~prestart: no script for prestart, continuing
7 info lifecycle studykik-api@1.0.0~start: studykik-api@1.0.0
8 verbose lifecycle studykik-api@1.0.0~start: unsafe-perm in lifecycle true
9 verbose lifecycle studykik-api@1.0.0~start: PATH: /usr/local/lib/node_modules/npm/bin/node-gyp-bin:/Volumes/work/github/StudyKIK/web/node_modules/.bin:/Applications/MAMP/bin/php/php7.1.8/bin:/Applications/MAMP/Library/bin:/usr/local/bin:/usr/bin:/bin:/usr/sbin:/sbin:/Applications/MAMP/bin/php/php7.1.8/bin:/Applications/MAMP/Library/bin
10 verbose lifecycle studykik-api@1.0.0~start: CWD: /Volumes/work/github/StudyKIK/web
11 silly lifecycle studykik-api@1.0.0~start: Args: [ '-c', 'cross-env NODE_ENV=development node server' ]
12 silly lifecycle studykik-api@1.0.0~start: Returned: code: 1  signal: null
13 info lifecycle studykik-api@1.0.0~start: Failed to exec start script
14 verbose stack Error: studykik-api@1.0.0 start: `cross-env NODE_ENV=development node server`
14 verbose stack Exit status 1
14 verbose stack     at EventEmitter.<anonymous> (/usr/local/lib/node_modules/npm/lib/utils/lifecycle.js:255:16)
14 verbose stack     at emitTwo (events.js:106:13)
14 verbose stack     at EventEmitter.emit (events.js:191:7)
14 verbose stack     at ChildProcess.<anonymous> (/usr/local/lib/node_modules/npm/lib/utils/spawn.js:40:14)
14 verbose stack     at emitTwo (events.js:106:13)
14 verbose stack     at ChildProcess.emit (events.js:191:7)
14 verbose stack     at maybeClose (internal/child_process.js:920:16)
14 verbose stack     at Process.ChildProcess._handle.onexit (internal/child_process.js:230:5)
15 verbose pkgid studykik-api@1.0.0
16 verbose cwd /Volumes/work/github/StudyKIK/web
17 error Darwin 15.6.0
18 error argv "/usr/local/bin/node" "/usr/local/bin/npm" "start"
19 error node v6.11.4
20 error npm  v3.10.10
21 error code ELIFECYCLE
22 error studykik-api@1.0.0 start: `cross-env NODE_ENV=development node server`
22 error Exit status 1
23 error Failed at the studykik-api@1.0.0 start script 'cross-env NODE_ENV=development node server'.
23 error Make sure you have the latest version of node.js and npm installed.
23 error If you do, this is most likely a problem with the studykik-api package,
23 error not with npm itself.
23 error Tell the author that this fails on your system:
23 error     cross-env NODE_ENV=development node server
23 error You can get information on how to open an issue for this project with:
23 error     npm bugs studykik-api
23 error Or if that isn't available, you can get their info via:
23 error     npm owner ls studykik-api
23 error There is likely additional logging output above.
24 verbose exit [ 1, true ]
